<?xml version="1.0" encoding="UTF-8"?>
<testsuite xmlns:xsi="http://www.w3.org/2001/XMLSchema-instance" xsi:noNamespaceSchemaLocation="https://maven.apache.org/surefire/maven-surefire-plugin/xsd/surefire-test-report.xsd" name="com.example.recherchetonfilm.AppTest" time="0.039" tests="1" errors="0" skipped="0" failures="0">
  <properties>
    <property name="java.specification.version" value="17"/>
    <property name="sun.jnu.encoding" value="UTF-8"/>
    <property name="java.class.path" value="/home/duplesse/Bureau/TPINF321/TPINF321/target/test-classes:/home/duplesse/Bureau/TPINF321/TPINF321/target/classes:/home/duplesse/.m2/repository/org/apache/httpcomponents/client5/httpclient5/5.2/httpclient5-5.2.jar:/home/duplesse/.m2/repository/org/apache/httpcomponents/core5/httpcore5-h2/5.1.3/httpcore5-h2-5.1.3.jar:/home/duplesse/.m2/repository/org/slf4j/slf4j-api/1.7.36/slf4j-api-1.7.36.jar:/home/duplesse/.m2/repository/org/apache/httpcomponents/core5/httpcore5/5.2/httpcore5-5.2.jar:/home/duplesse/.m2/repository/edu/stanford/nlp/stanford-corenlp/4.5.4/stanford-corenlp-4.5.4.jar:/home/duplesse/.m2/repository/com/apple/AppleJavaExtensions/1.4/AppleJavaExtensions-1.4.jar:/home/duplesse/.m2/repository/de/jollyday/jollyday/0.4.9/jollyday-0.4.9.jar:/home/duplesse/.m2/repository/org/apache/commons/commons-lang3/3.12.0/commons-lang3-3.12.0.jar:/home/duplesse/.m2/repository/org/apache/lucene/lucene-queryparser/7.5.0/lucene-queryparser-7.5.0.jar:/home/duplesse/.m2/repository/org/apache/lucene/lucene-queries/7.5.0/lucene-queries-7.5.0.jar:/home/duplesse/.m2/repository/org/apache/lucene/lucene-sandbox/7.5.0/lucene-sandbox-7.5.0.jar:/home/duplesse/.m2/repository/org/apache/lucene/lucene-analyzers-common/7.5.0/lucene-analyzers-common-7.5.0.jar:/home/duplesse/.m2/repository/org/apache/lucene/lucene-core/7.5.0/lucene-core-7.5.0.jar:/home/duplesse/.m2/repository/javax/servlet/javax.servlet-api/4.0.1/javax.servlet-api-4.0.1.jar:/home/duplesse/.m2/repository/xom/xom/1.3.8/xom-1.3.8.jar:/home/duplesse/.m2/repository/xerces/xercesImpl/2.8.0/xercesImpl-2.8.0.jar:/home/duplesse/.m2/repository/xml-apis/xml-apis/1.3.03/xml-apis-1.3.03.jar:/home/duplesse/.m2/repository/xalan/xalan/2.7.2/xalan-2.7.2.jar:/home/duplesse/.m2/repository/xalan/serializer/2.7.2/serializer-2.7.2.jar:/home/duplesse/.m2/repository/joda-time/joda-time/2.10.5/joda-time-2.10.5.jar:/home/duplesse/.m2/repository/org/ejml/ejml-core/0.39/ejml-core-0.39.jar:/home/duplesse/.m2/repository/com/google/code/findbugs/jsr305/3.0.2/jsr305-3.0.2.jar:/home/duplesse/.m2/repository/org/ejml/ejml-ddense/0.39/ejml-ddense-0.39.jar:/home/duplesse/.m2/repository/org/ejml/ejml-simple/0.39/ejml-simple-0.39.jar:/home/duplesse/.m2/repository/org/ejml/ejml-fdense/0.39/ejml-fdense-0.39.jar:/home/duplesse/.m2/repository/org/ejml/ejml-cdense/0.39/ejml-cdense-0.39.jar:/home/duplesse/.m2/repository/org/ejml/ejml-zdense/0.39/ejml-zdense-0.39.jar:/home/duplesse/.m2/repository/org/ejml/ejml-dsparse/0.39/ejml-dsparse-0.39.jar:/home/duplesse/.m2/repository/org/ejml/ejml-fsparse/0.39/ejml-fsparse-0.39.jar:/home/duplesse/.m2/repository/org/glassfish/javax.json/1.0.4/javax.json-1.0.4.jar:/home/duplesse/.m2/repository/com/google/protobuf/protobuf-java/3.19.6/protobuf-java-3.19.6.jar:/home/duplesse/.m2/repository/javax/activation/javax.activation-api/1.2.0/javax.activation-api-1.2.0.jar:/home/duplesse/.m2/repository/javax/xml/bind/jaxb-api/2.3.1/jaxb-api-2.3.1.jar:/home/duplesse/.m2/repository/com/sun/istack/istack-commons-runtime/3.0.7/istack-commons-runtime-3.0.7.jar:/home/duplesse/.m2/repository/com/sun/xml/bind/jaxb-impl/2.4.0-b180830.0438/jaxb-impl-2.4.0-b180830.0438.jar:/home/duplesse/.m2/repository/com/googlecode/json-simple/json-simple/1.1.1/json-simple-1.1.1.jar:/home/duplesse/.m2/repository/edu/stanford/nlp/stanford-corenlp/4.5.4/stanford-corenlp-4.5.4-models.jar:/home/duplesse/.m2/repository/org/springframework/boot/spring-boot-starter-web/2.7.0/spring-boot-starter-web-2.7.0.jar:/home/duplesse/.m2/repository/org/springframework/boot/spring-boot-starter/2.7.0/spring-boot-starter-2.7.0.jar:/home/duplesse/.m2/repository/org/springframework/boot/spring-boot/2.7.0/spring-boot-2.7.0.jar:/home/duplesse/.m2/repository/org/springframework/boot/spring-boot-autoconfigure/2.7.0/spring-boot-autoconfigure-2.7.0.jar:/home/duplesse/.m2/repository/org/springframework/boot/spring-boot-starter-logging/2.7.0/spring-boot-starter-logging-2.7.0.jar:/home/duplesse/.m2/repository/ch/qos/logback/logback-classic/1.2.11/logback-classic-1.2.11.jar:/home/duplesse/.m2/repository/ch/qos/logback/logback-core/1.2.11/logback-core-1.2.11.jar:/home/duplesse/.m2/repository/org/apache/logging/log4j/log4j-to-slf4j/2.17.2/log4j-to-slf4j-2.17.2.jar:/home/duplesse/.m2/repository/org/apache/logging/log4j/log4j-api/2.17.2/log4j-api-2.17.2.jar:/home/duplesse/.m2/repository/org/slf4j/jul-to-slf4j/1.7.36/jul-to-slf4j-1.7.36.jar:/home/duplesse/.m2/repository/jakarta/annotation/jakarta.annotation-api/1.3.5/jakarta.annotation-api-1.3.5.jar:/home/duplesse/.m2/repository/org/springframework/spring-core/5.3.20/spring-core-5.3.20.jar:/home/duplesse/.m2/repository/org/springframework/spring-jcl/5.3.20/spring-jcl-5.3.20.jar:/home/duplesse/.m2/repository/org/yaml/snakeyaml/1.30/snakeyaml-1.30.jar:/home/duplesse/.m2/repository/org/springframework/boot/spring-boot-starter-json/2.7.0/spring-boot-starter-json-2.7.0.jar:/home/duplesse/.m2/repository/com/fasterxml/jackson/core/jackson-databind/2.13.3/jackson-databind-2.13.3.jar:/home/duplesse/.m2/repository/com/fasterxml/jackson/core/jackson-annotations/2.13.3/jackson-annotations-2.13.3.jar:/home/duplesse/.m2/repository/com/fasterxml/jackson/core/jackson-core/2.13.3/jackson-core-2.13.3.jar:/home/duplesse/.m2/repository/com/fasterxml/jackson/datatype/jackson-datatype-jdk8/2.13.3/jackson-datatype-jdk8-2.13.3.jar:/home/duplesse/.m2/repository/com/fasterxml/jackson/datatype/jackson-datatype-jsr310/2.13.3/jackson-datatype-jsr310-2.13.3.jar:/home/duplesse/.m2/repository/com/fasterxml/jackson/module/jackson-module-parameter-names/2.13.3/jackson-module-parameter-names-2.13.3.jar:/home/duplesse/.m2/repository/org/springframework/boot/spring-boot-starter-tomcat/2.7.0/spring-boot-starter-tomcat-2.7.0.jar:/home/duplesse/.m2/repository/org/apache/tomcat/embed/tomcat-embed-core/9.0.63/tomcat-embed-core-9.0.63.jar:/home/duplesse/.m2/repository/org/apache/tomcat/embed/tomcat-embed-el/9.0.63/tomcat-embed-el-9.0.63.jar:/home/duplesse/.m2/repository/org/apache/tomcat/embed/tomcat-embed-websocket/9.0.63/tomcat-embed-websocket-9.0.63.jar:/home/duplesse/.m2/repository/org/springframework/spring-web/5.3.20/spring-web-5.3.20.jar:/home/duplesse/.m2/repository/org/springframework/spring-beans/5.3.20/spring-beans-5.3.20.jar:/home/duplesse/.m2/repository/org/springframework/spring-webmvc/5.3.20/spring-webmvc-5.3.20.jar:/home/duplesse/.m2/repository/org/springframework/spring-aop/5.3.20/spring-aop-5.3.20.jar:/home/duplesse/.m2/repository/org/springframework/spring-context/5.3.20/spring-context-5.3.20.jar:/home/duplesse/.m2/repository/org/springframework/spring-expression/5.3.20/spring-expression-5.3.20.jar:/home/duplesse/.m2/repository/org/springframework/boot/spring-boot-starter-thymeleaf/2.7.0/spring-boot-starter-thymeleaf-2.7.0.jar:/home/duplesse/.m2/repository/org/thymeleaf/thymeleaf-spring5/3.0.15.RELEASE/thymeleaf-spring5-3.0.15.RELEASE.jar:/home/duplesse/.m2/repository/org/thymeleaf/thymeleaf/3.0.15.RELEASE/thymeleaf-3.0.15.RELEASE.jar:/home/duplesse/.m2/repository/org/attoparser/attoparser/2.0.5.RELEASE/attoparser-2.0.5.RELEASE.jar:/home/duplesse/.m2/repository/org/unbescape/unbescape/1.1.6.RELEASE/unbescape-1.1.6.RELEASE.jar:/home/duplesse/.m2/repository/org/thymeleaf/extras/thymeleaf-extras-java8time/3.0.4.RELEASE/thymeleaf-extras-java8time-3.0.4.RELEASE.jar:/home/duplesse/.m2/repository/com/google/code/gson/gson/2.8.9/gson-2.8.9.jar:/home/duplesse/.m2/repository/junit/junit/4.13.2/junit-4.13.2.jar:/home/duplesse/.m2/repository/org/hamcrest/hamcrest-core/2.2/hamcrest-core-2.2.jar:/home/duplesse/.m2/repository/org/hamcrest/hamcrest/2.2/hamcrest-2.2.jar:"/>
    <property name="java.vm.vendor" value="Ubuntu"/>
    <property name="sun.arch.data.model" value="64"/>
    <property name="java.vendor.url" value="https://ubuntu.com/"/>
    <property name="os.name" value="Linux"/>
    <property name="java.vm.specification.version" value="17"/>
    <property name="sun.java.launcher" value="SUN_STANDARD"/>
    <property name="user.country" value="FR"/>
    <property name="sun.boot.library.path" value="/usr/lib/jvm/java-17-openjdk-amd64/lib"/>
    <property name="sun.java.command" value="/home/duplesse/Bureau/TPINF321/TPINF321/target/surefire/surefirebooter1396402363788778778.jar /home/duplesse/Bureau/TPINF321/TPINF321/target/surefire 2024-12-20T03-23-19_471-jvmRun1 surefire6129296760730767223tmp surefire_02363696180871393658tmp"/>
    <property name="jdk.debug" value="release"/>
    <property name="surefire.test.class.path" value="/home/duplesse/Bureau/TPINF321/TPINF321/target/test-classes:/home/duplesse/Bureau/TPINF321/TPINF321/target/classes:/home/duplesse/.m2/repository/org/apache/httpcomponents/client5/httpclient5/5.2/httpclient5-5.2.jar:/home/duplesse/.m2/repository/org/apache/httpcomponents/core5/httpcore5-h2/5.1.3/httpcore5-h2-5.1.3.jar:/home/duplesse/.m2/repository/org/slf4j/slf4j-api/1.7.36/slf4j-api-1.7.36.jar:/home/duplesse/.m2/repository/org/apache/httpcomponents/core5/httpcore5/5.2/httpcore5-5.2.jar:/home/duplesse/.m2/repository/edu/stanford/nlp/stanford-corenlp/4.5.4/stanford-corenlp-4.5.4.jar:/home/duplesse/.m2/repository/com/apple/AppleJavaExtensions/1.4/AppleJavaExtensions-1.4.jar:/home/duplesse/.m2/repository/de/jollyday/jollyday/0.4.9/jollyday-0.4.9.jar:/home/duplesse/.m2/repository/org/apache/commons/commons-lang3/3.12.0/commons-lang3-3.12.0.jar:/home/duplesse/.m2/repository/org/apache/lucene/lucene-queryparser/7.5.0/lucene-queryparser-7.5.0.jar:/home/duplesse/.m2/repository/org/apache/lucene/lucene-queries/7.5.0/lucene-queries-7.5.0.jar:/home/duplesse/.m2/repository/org/apache/lucene/lucene-sandbox/7.5.0/lucene-sandbox-7.5.0.jar:/home/duplesse/.m2/repository/org/apache/lucene/lucene-analyzers-common/7.5.0/lucene-analyzers-common-7.5.0.jar:/home/duplesse/.m2/repository/org/apache/lucene/lucene-core/7.5.0/lucene-core-7.5.0.jar:/home/duplesse/.m2/repository/javax/servlet/javax.servlet-api/4.0.1/javax.servlet-api-4.0.1.jar:/home/duplesse/.m2/repository/xom/xom/1.3.8/xom-1.3.8.jar:/home/duplesse/.m2/repository/xerces/xercesImpl/2.8.0/xercesImpl-2.8.0.jar:/home/duplesse/.m2/repository/xml-apis/xml-apis/1.3.03/xml-apis-1.3.03.jar:/home/duplesse/.m2/repository/xalan/xalan/2.7.2/xalan-2.7.2.jar:/home/duplesse/.m2/repository/xalan/serializer/2.7.2/serializer-2.7.2.jar:/home/duplesse/.m2/repository/joda-time/joda-time/2.10.5/joda-time-2.10.5.jar:/home/duplesse/.m2/repository/org/ejml/ejml-core/0.39/ejml-core-0.39.jar:/home/duplesse/.m2/repository/com/google/code/findbugs/jsr305/3.0.2/jsr305-3.0.2.jar:/home/duplesse/.m2/repository/org/ejml/ejml-ddense/0.39/ejml-ddense-0.39.jar:/home/duplesse/.m2/repository/org/ejml/ejml-simple/0.39/ejml-simple-0.39.jar:/home/duplesse/.m2/repository/org/ejml/ejml-fdense/0.39/ejml-fdense-0.39.jar:/home/duplesse/.m2/repository/org/ejml/ejml-cdense/0.39/ejml-cdense-0.39.jar:/home/duplesse/.m2/repository/org/ejml/ejml-zdense/0.39/ejml-zdense-0.39.jar:/home/duplesse/.m2/repository/org/ejml/ejml-dsparse/0.39/ejml-dsparse-0.39.jar:/home/duplesse/.m2/repository/org/ejml/ejml-fsparse/0.39/ejml-fsparse-0.39.jar:/home/duplesse/.m2/repository/org/glassfish/javax.json/1.0.4/javax.json-1.0.4.jar:/home/duplesse/.m2/repository/com/google/protobuf/protobuf-java/3.19.6/protobuf-java-3.19.6.jar:/home/duplesse/.m2/repository/javax/activation/javax.activation-api/1.2.0/javax.activation-api-1.2.0.jar:/home/duplesse/.m2/repository/javax/xml/bind/jaxb-api/2.3.1/jaxb-api-2.3.1.jar:/home/duplesse/.m2/repository/com/sun/istack/istack-commons-runtime/3.0.7/istack-commons-runtime-3.0.7.jar:/home/duplesse/.m2/repository/com/sun/xml/bind/jaxb-impl/2.4.0-b180830.0438/jaxb-impl-2.4.0-b180830.0438.jar:/home/duplesse/.m2/repository/com/googlecode/json-simple/json-simple/1.1.1/json-simple-1.1.1.jar:/home/duplesse/.m2/repository/edu/stanford/nlp/stanford-corenlp/4.5.4/stanford-corenlp-4.5.4-models.jar:/home/duplesse/.m2/repository/org/springframework/boot/spring-boot-starter-web/2.7.0/spring-boot-starter-web-2.7.0.jar:/home/duplesse/.m2/repository/org/springframework/boot/spring-boot-starter/2.7.0/spring-boot-starter-2.7.0.jar:/home/duplesse/.m2/repository/org/springframework/boot/spring-boot/2.7.0/spring-boot-2.7.0.jar:/home/duplesse/.m2/repository/org/springframework/boot/spring-boot-autoconfigure/2.7.0/spring-boot-autoconfigure-2.7.0.jar:/home/duplesse/.m2/repository/org/springframework/boot/spring-boot-starter-logging/2.7.0/spring-boot-starter-logging-2.7.0.jar:/home/duplesse/.m2/repository/ch/qos/logback/logback-classic/1.2.11/logback-classic-1.2.11.jar:/home/duplesse/.m2/repository/ch/qos/logback/logback-core/1.2.11/logback-core-1.2.11.jar:/home/duplesse/.m2/repository/org/apache/logging/log4j/log4j-to-slf4j/2.17.2/log4j-to-slf4j-2.17.2.jar:/home/duplesse/.m2/repository/org/apache/logging/log4j/log4j-api/2.17.2/log4j-api-2.17.2.jar:/home/duplesse/.m2/repository/org/slf4j/jul-to-slf4j/1.7.36/jul-to-slf4j-1.7.36.jar:/home/duplesse/.m2/repository/jakarta/annotation/jakarta.annotation-api/1.3.5/jakarta.annotation-api-1.3.5.jar:/home/duplesse/.m2/repository/org/springframework/spring-core/5.3.20/spring-core-5.3.20.jar:/home/duplesse/.m2/repository/org/springframework/spring-jcl/5.3.20/spring-jcl-5.3.20.jar:/home/duplesse/.m2/repository/org/yaml/snakeyaml/1.30/snakeyaml-1.30.jar:/home/duplesse/.m2/repository/org/springframework/boot/spring-boot-starter-json/2.7.0/spring-boot-starter-json-2.7.0.jar:/home/duplesse/.m2/repository/com/fasterxml/jackson/core/jackson-databind/2.13.3/jackson-databind-2.13.3.jar:/home/duplesse/.m2/repository/com/fasterxml/jackson/core/jackson-annotations/2.13.3/jackson-annotations-2.13.3.jar:/home/duplesse/.m2/repository/com/fasterxml/jackson/core/jackson-core/2.13.3/jackson-core-2.13.3.jar:/home/duplesse/.m2/repository/com/fasterxml/jackson/datatype/jackson-datatype-jdk8/2.13.3/jackson-datatype-jdk8-2.13.3.jar:/home/duplesse/.m2/repository/com/fasterxml/jackson/datatype/jackson-datatype-jsr310/2.13.3/jackson-datatype-jsr310-2.13.3.jar:/home/duplesse/.m2/repository/com/fasterxml/jackson/module/jackson-module-parameter-names/2.13.3/jackson-module-parameter-names-2.13.3.jar:/home/duplesse/.m2/repository/org/springframework/boot/spring-boot-starter-tomcat/2.7.0/spring-boot-starter-tomcat-2.7.0.jar:/home/duplesse/.m2/repository/org/apache/tomcat/embed/tomcat-embed-core/9.0.63/tomcat-embed-core-9.0.63.jar:/home/duplesse/.m2/repository/org/apache/tomcat/embed/tomcat-embed-el/9.0.63/tomcat-embed-el-9.0.63.jar:/home/duplesse/.m2/repository/org/apache/tomcat/embed/tomcat-embed-websocket/9.0.63/tomcat-embed-websocket-9.0.63.jar:/home/duplesse/.m2/repository/org/springframework/spring-web/5.3.20/spring-web-5.3.20.jar:/home/duplesse/.m2/repository/org/springframework/spring-beans/5.3.20/spring-beans-5.3.20.jar:/home/duplesse/.m2/repository/org/springframework/spring-webmvc/5.3.20/spring-webmvc-5.3.20.jar:/home/duplesse/.m2/repository/org/springframework/spring-aop/5.3.20/spring-aop-5.3.20.jar:/home/duplesse/.m2/repository/org/springframework/spring-context/5.3.20/spring-context-5.3.20.jar:/home/duplesse/.m2/repository/org/springframework/spring-expression/5.3.20/spring-expression-5.3.20.jar:/home/duplesse/.m2/repository/org/springframework/boot/spring-boot-starter-thymeleaf/2.7.0/spring-boot-starter-thymeleaf-2.7.0.jar:/home/duplesse/.m2/repository/org/thymeleaf/thymeleaf-spring5/3.0.15.RELEASE/thymeleaf-spring5-3.0.15.RELEASE.jar:/home/duplesse/.m2/repository/org/thymeleaf/thymeleaf/3.0.15.RELEASE/thymeleaf-3.0.15.RELEASE.jar:/home/duplesse/.m2/repository/org/attoparser/attoparser/2.0.5.RELEASE/attoparser-2.0.5.RELEASE.jar:/home/duplesse/.m2/repository/org/unbescape/unbescape/1.1.6.RELEASE/unbescape-1.1.6.RELEASE.jar:/home/duplesse/.m2/repository/org/thymeleaf/extras/thymeleaf-extras-java8time/3.0.4.RELEASE/thymeleaf-extras-java8time-3.0.4.RELEASE.jar:/home/duplesse/.m2/repository/com/google/code/gson/gson/2.8.9/gson-2.8.9.jar:/home/duplesse/.m2/repository/junit/junit/4.13.2/junit-4.13.2.jar:/home/duplesse/.m2/repository/org/hamcrest/hamcrest-core/2.2/hamcrest-core-2.2.jar:/home/duplesse/.m2/repository/org/hamcrest/hamcrest/2.2/hamcrest-2.2.jar:"/>
    <property name="sun.cpu.endian" value="little"/>
    <property name="user.home" value="/home/duplesse"/>
    <property name="user.language" value="fr"/>
    <property name="java.specification.vendor" value="Oracle Corporation"/>
    <property name="java.version.date" value="2024-10-15"/>
    <property name="java.home" value="/usr/lib/jvm/java-17-openjdk-amd64"/>
    <property name="file.separator" value="/"/>
    <property name="basedir" value="/home/duplesse/Bureau/TPINF321/TPINF321"/>
    <property name="java.vm.compressedOopsMode" value="32-bit"/>
    <property name="line.separator" value="&#10;"/>
    <property name="java.vm.specification.vendor" value="Oracle Corporation"/>
    <property name="java.specification.name" value="Java Platform API Specification"/>
    <property name="surefire.real.class.path" value="/home/duplesse/Bureau/TPINF321/TPINF321/target/surefire/surefirebooter1396402363788778778.jar"/>
    <property name="sun.management.compiler" value="HotSpot 64-Bit Tiered Compilers"/>
    <property name="java.runtime.version" value="17.0.13+11-Ubuntu-2ubuntu122.04"/>
    <property name="user.name" value="duplesse"/>
    <property name="path.separator" value=":"/>
    <property name="os.version" value="6.8.0-49-generic"/>
    <property name="java.runtime.name" value="OpenJDK Runtime Environment"/>
    <property name="file.encoding" value="UTF-8"/>
    <property name="java.vm.name" value="OpenJDK 64-Bit Server VM"/>
    <property name="localRepository" value="/home/duplesse/.m2/repository"/>
    <property name="java.vendor.url.bug" value="https://bugs.launchpad.net/ubuntu/+source/openjdk-17"/>
    <property name="java.io.tmpdir" value="/tmp"/>
    <property name="java.version" value="17.0.13"/>
    <property name="user.dir" value="/home/duplesse/Bureau/TPINF321/TPINF321"/>
    <property name="os.arch" value="amd64"/>
    <property name="java.vm.specification.name" value="Java Virtual Machine Specification"/>
    <property name="native.encoding" value="UTF-8"/>
    <property name="java.library.path" value="/usr/java/packages/lib:/usr/lib/x86_64-linux-gnu/jni:/lib/x86_64-linux-gnu:/usr/lib/x86_64-linux-gnu:/usr/lib/jni:/lib:/usr/lib"/>
    <property name="java.vm.info" value="mixed mode, sharing"/>
    <property name="java.vendor" value="Ubuntu"/>
    <property name="java.vm.version" value="17.0.13+11-Ubuntu-2ubuntu122.04"/>
    <property name="java.specification.maintenance.version" value="1"/>
    <property name="sun.io.unicode.encoding" value="UnicodeLittle"/>
    <property name="java.class.version" value="61.0"/>
  </properties>
  <testcase name="testApp" classname="com.example.recherchetonfilm.AppTest" time="0.003"/>
</testsuite>